<?xml version="1.0" encoding="UTF-8"?>
<testng-results skipped="0" failed="0" ignored="0" total="1" passed="1">
  <reporter-output>
  </reporter-output>
  <suite name="Default suite" duration-ms="11369" started-at="2018-05-28T06:56:42Z" finished-at="2018-05-28T06:56:54Z">
    <groups>
      <group name="Flight">
        <method signature="ClearTripTests.testThatResultsAppearForAOneWayJourney()[pri:0, instance:com.testvagrant.pkp.tests.ClearTripTests@5c7fa833]" name="testThatResultsAppearForAOneWayJourney" class="com.testvagrant.pkp.tests.ClearTripTests"/>
      </group> <!-- Flight -->
    </groups>
    <test name="Default test" duration-ms="11369" started-at="2018-05-28T06:56:42Z" finished-at="2018-05-28T06:56:54Z">
      <class name="com.testvagrant.pkp.tests.ClearTripTests">
        <test-method status="PASS" signature="setupBeforeSuite()[pri:0, instance:com.testvagrant.pkp.tests.ClearTripTests@5c7fa833]" name="setupBeforeSuite" is-config="true" duration-ms="92" started-at="2018-05-28T16:56:42Z" finished-at="2018-05-28T16:56:42Z">
          <reporter-output>
          </reporter-output>
        </test-method> <!-- setupBeforeSuite -->
        <test-method status="PASS" signature="setupBeforeClass()[pri:0, instance:com.testvagrant.pkp.tests.ClearTripTests@5c7fa833]" name="setupBeforeClass" is-config="true" duration-ms="2322" started-at="2018-05-28T16:56:42Z" finished-at="2018-05-28T16:56:45Z">
          <reporter-output>
          </reporter-output>
        </test-method> <!-- setupBeforeClass -->
        <test-method status="PASS" signature="setupBeforeClassClearTrip()[pri:0, instance:com.testvagrant.pkp.tests.ClearTripTests@5c7fa833]" name="setupBeforeClassClearTrip" is-config="true" duration-ms="2" started-at="2018-05-28T16:56:45Z" finished-at="2018-05-28T16:56:45Z">
          <reporter-output>
          </reporter-output>
        </test-method> <!-- setupBeforeClassClearTrip -->
        <test-method status="PASS" signature="testThatResultsAppearForAOneWayJourney()[pri:0, instance:com.testvagrant.pkp.tests.ClearTripTests@5c7fa833]" name="testThatResultsAppearForAOneWayJourney" duration-ms="9014" started-at="2018-05-28T16:56:45Z" description="Search for flights and verify results" finished-at="2018-05-28T16:56:54Z">
          <reporter-output>
          </reporter-output>
        </test-method> <!-- testThatResultsAppearForAOneWayJourney -->
        <test-method status="PASS" signature="setupAfterClass()[pri:0, instance:com.testvagrant.pkp.tests.ClearTripTests@5c7fa833]" name="setupAfterClass" is-config="true" duration-ms="1" started-at="2018-05-28T16:56:54Z" finished-at="2018-05-28T16:56:54Z">
          <reporter-output>
          </reporter-output>
        </test-method> <!-- setupAfterClass -->
      </class> <!-- com.testvagrant.pkp.tests.ClearTripTests -->
    </test> <!-- Default test -->
  </suite> <!-- Default suite -->
</testng-results>
